2020-05-25 09:01:26 [com.ye.util.PropertiesUtil {Num}] [com.ye.util.PropertiesUtil.loadProps(PropertiesUtil.java:22)] [ main:0 ] - [ INFO ]  开始加载jdbc.properties文件内容.......
2020-05-25 09:01:26 [com.ye.util.PropertiesUtil {Num}] [com.ye.util.PropertiesUtil.loadProps(PropertiesUtil.java:48)] [ main:5 ] - [ INFO ]  加载properties文件内容完成...........
2020-05-25 09:01:26 [com.ye.util.PropertiesUtil {Num}] [com.ye.util.PropertiesUtil.loadProps(PropertiesUtil.java:49)] [ main:5 ] - [ INFO ]  properties文件内容：{password=123456, url=jdbc:mysql://localhost:3306/ktv?serverTimezone=UTC&characterEncoding=utf-8, userName=root, driver=com.mysql.cj.jdbc.Driver}
2020-05-25 09:01:26 [com.ye.mysql.ConnMysql {Num}] [com.ye.mysql.ConnMysql.getConnection(ConnMysql.java:25)] [ main:236 ] - [ INFO ]  MySQL 连接成功
2020-05-25 09:01:27 [com.ye.mysql.ExeSql {Num}] [com.ye.mysql.ExeSql.query(ExeSql.java:35)] [ main:251 ] - [ INFO ]  com.mysql.cj.jdbc.ClientPreparedStatement: select * from user_t
2020-05-25 09:05:28 [com.ye.util.PropertiesUtil {Num}] [com.ye.util.PropertiesUtil.loadProps(PropertiesUtil.java:22)] [ main:0 ] - [ INFO ]  开始加载jdbc.properties文件内容.......
2020-05-25 09:05:28 [com.ye.util.PropertiesUtil {Num}] [com.ye.util.PropertiesUtil.loadProps(PropertiesUtil.java:48)] [ main:2 ] - [ INFO ]  加载properties文件内容完成...........
2020-05-25 09:05:28 [com.ye.util.PropertiesUtil {Num}] [com.ye.util.PropertiesUtil.loadProps(PropertiesUtil.java:49)] [ main:2 ] - [ INFO ]  properties文件内容：{password=123456, url=jdbc:mysql://localhost:3306/ktv?serverTimezone=UTC&characterEncoding=utf-8, userName=root, driver=com.mysql.cj.jdbc.Driver}
2020-05-25 09:05:28 [com.ye.mysql.ConnMysql {Num}] [com.ye.mysql.ConnMysql.getConnection(ConnMysql.java:25)] [ main:181 ] - [ INFO ]  MySQL 连接成功
2020-05-25 09:05:28 [com.ye.mysql.ExeSql {Num}] [com.ye.mysql.ExeSql.query(ExeSql.java:35)] [ main:196 ] - [ INFO ]  com.mysql.cj.jdbc.ClientPreparedStatement: select * from user_t where id = 2
2020-05-25 09:07:19 [com.ye.util.PropertiesUtil {Num}] [com.ye.util.PropertiesUtil.loadProps(PropertiesUtil.java:22)] [ main:0 ] - [ INFO ]  开始加载jdbc.properties文件内容.......
2020-05-25 09:07:19 [com.ye.util.PropertiesUtil {Num}] [com.ye.util.PropertiesUtil.loadProps(PropertiesUtil.java:48)] [ main:1 ] - [ INFO ]  加载properties文件内容完成...........
2020-05-25 09:07:19 [com.ye.util.PropertiesUtil {Num}] [com.ye.util.PropertiesUtil.loadProps(PropertiesUtil.java:49)] [ main:1 ] - [ INFO ]  properties文件内容：{password=123456, url=jdbc:mysql://localhost:3306/ktv?serverTimezone=UTC&characterEncoding=utf-8, userName=root, driver=com.mysql.cj.jdbc.Driver}
2020-05-25 09:07:19 [com.ye.mysql.ConnMysql {Num}] [com.ye.mysql.ConnMysql.getConnection(ConnMysql.java:25)] [ main:181 ] - [ INFO ]  MySQL 连接成功
2020-05-25 09:07:19 [com.ye.mysql.ExeSql {Num}] [com.ye.mysql.ExeSql.query(ExeSql.java:35)] [ main:196 ] - [ INFO ]  com.mysql.cj.jdbc.ClientPreparedStatement: select * from user_t where id = 2 and user_name = 'admin'
2020-05-25 09:09:37 [com.ye.util.PropertiesUtil {Num}] [com.ye.util.PropertiesUtil.loadProps(PropertiesUtil.java:22)] [ main:0 ] - [ INFO ]  开始加载jdbc.properties文件内容.......
2020-05-25 09:09:37 [com.ye.util.PropertiesUtil {Num}] [com.ye.util.PropertiesUtil.loadProps(PropertiesUtil.java:48)] [ main:2 ] - [ INFO ]  加载properties文件内容完成...........
2020-05-25 09:09:37 [com.ye.util.PropertiesUtil {Num}] [com.ye.util.PropertiesUtil.loadProps(PropertiesUtil.java:49)] [ main:2 ] - [ INFO ]  properties文件内容：{password=123456, url=jdbc:mysql://localhost:3306/ktv?serverTimezone=UTC&characterEncoding=utf-8, userName=root, driver=com.mysql.cj.jdbc.Driver}
2020-05-25 09:09:37 [com.ye.mysql.ConnMysql {Num}] [com.ye.mysql.ConnMysql.getConnection(ConnMysql.java:25)] [ main:181 ] - [ INFO ]  MySQL 连接成功
2020-05-25 09:09:37 [com.ye.mysql.ExeSql {Num}] [com.ye.mysql.ExeSql.query(ExeSql.java:35)] [ main:196 ] - [ INFO ]  com.mysql.cj.jdbc.ClientPreparedStatement: select * from user_t where id = 1 and user_name = 'admin'
