2020-05-25 09:01:26 [com.ye.util.PropertiesUtil {Num}] [com.ye.util.PropertiesUtil.loadProps(PropertiesUtil.java:22)] [ main:0 ] - [ INFO ]  开始加载jdbc.properties文件内容.......
2020-05-25 09:01:26 [com.ye.util.PropertiesUtil {Num}] [com.ye.util.PropertiesUtil.loadProps(PropertiesUtil.java:48)] [ main:5 ] - [ INFO ]  加载properties文件内容完成...........
2020-05-25 09:01:26 [com.ye.util.PropertiesUtil {Num}] [com.ye.util.PropertiesUtil.loadProps(PropertiesUtil.java:49)] [ main:5 ] - [ INFO ]  properties文件内容：{password=123456, url=jdbc:mysql://localhost:3306/ktv?serverTimezone=UTC&characterEncoding=utf-8, userName=root, driver=com.mysql.cj.jdbc.Driver}
2020-05-25 09:01:26 [com.ye.mysql.ConnMysql {Num}] [com.ye.mysql.ConnMysql.getConnection(ConnMysql.java:25)] [ main:236 ] - [ INFO ]  MySQL 连接成功
2020-05-25 09:01:27 [com.ye.mysql.ExeSql {Num}] [com.ye.mysql.ExeSql.query(ExeSql.java:35)] [ main:251 ] - [ INFO ]  com.mysql.cj.jdbc.ClientPreparedStatement: select * from user_t
2020-05-25 09:05:28 [com.ye.util.PropertiesUtil {Num}] [com.ye.util.PropertiesUtil.loadProps(PropertiesUtil.java:22)] [ main:0 ] - [ INFO ]  开始加载jdbc.properties文件内容.......
2020-05-25 09:05:28 [com.ye.util.PropertiesUtil {Num}] [com.ye.util.PropertiesUtil.loadProps(PropertiesUtil.java:48)] [ main:2 ] - [ INFO ]  加载properties文件内容完成...........
2020-05-25 09:05:28 [com.ye.util.PropertiesUtil {Num}] [com.ye.util.PropertiesUtil.loadProps(PropertiesUtil.java:49)] [ main:2 ] - [ INFO ]  properties文件内容：{password=123456, url=jdbc:mysql://localhost:3306/ktv?serverTimezone=UTC&characterEncoding=utf-8, userName=root, driver=com.mysql.cj.jdbc.Driver}
2020-05-25 09:05:28 [com.ye.mysql.ConnMysql {Num}] [com.ye.mysql.ConnMysql.getConnection(ConnMysql.java:25)] [ main:181 ] - [ INFO ]  MySQL 连接成功
2020-05-25 09:05:28 [com.ye.mysql.ExeSql {Num}] [com.ye.mysql.ExeSql.query(ExeSql.java:35)] [ main:196 ] - [ INFO ]  com.mysql.cj.jdbc.ClientPreparedStatement: select * from user_t where id = 2
2020-05-25 09:07:19 [com.ye.util.PropertiesUtil {Num}] [com.ye.util.PropertiesUtil.loadProps(PropertiesUtil.java:22)] [ main:0 ] - [ INFO ]  开始加载jdbc.properties文件内容.......
2020-05-25 09:07:19 [com.ye.util.PropertiesUtil {Num}] [com.ye.util.PropertiesUtil.loadProps(PropertiesUtil.java:48)] [ main:1 ] - [ INFO ]  加载properties文件内容完成...........
2020-05-25 09:07:19 [com.ye.util.PropertiesUtil {Num}] [com.ye.util.PropertiesUtil.loadProps(PropertiesUtil.java:49)] [ main:1 ] - [ INFO ]  properties文件内容：{password=123456, url=jdbc:mysql://localhost:3306/ktv?serverTimezone=UTC&characterEncoding=utf-8, userName=root, driver=com.mysql.cj.jdbc.Driver}
2020-05-25 09:07:19 [com.ye.mysql.ConnMysql {Num}] [com.ye.mysql.ConnMysql.getConnection(ConnMysql.java:25)] [ main:181 ] - [ INFO ]  MySQL 连接成功
2020-05-25 09:07:19 [com.ye.mysql.ExeSql {Num}] [com.ye.mysql.ExeSql.query(ExeSql.java:35)] [ main:196 ] - [ INFO ]  com.mysql.cj.jdbc.ClientPreparedStatement: select * from user_t where id = 2 and user_name = 'admin'
2020-05-25 09:09:37 [com.ye.util.PropertiesUtil {Num}] [com.ye.util.PropertiesUtil.loadProps(PropertiesUtil.java:22)] [ main:0 ] - [ INFO ]  开始加载jdbc.properties文件内容.......
2020-05-25 09:09:37 [com.ye.util.PropertiesUtil {Num}] [com.ye.util.PropertiesUtil.loadProps(PropertiesUtil.java:48)] [ main:2 ] - [ INFO ]  加载properties文件内容完成...........
2020-05-25 09:09:37 [com.ye.util.PropertiesUtil {Num}] [com.ye.util.PropertiesUtil.loadProps(PropertiesUtil.java:49)] [ main:2 ] - [ INFO ]  properties文件内容：{password=123456, url=jdbc:mysql://localhost:3306/ktv?serverTimezone=UTC&characterEncoding=utf-8, userName=root, driver=com.mysql.cj.jdbc.Driver}
2020-05-25 09:09:37 [com.ye.mysql.ConnMysql {Num}] [com.ye.mysql.ConnMysql.getConnection(ConnMysql.java:25)] [ main:181 ] - [ INFO ]  MySQL 连接成功
2020-05-25 09:09:37 [com.ye.mysql.ExeSql {Num}] [com.ye.mysql.ExeSql.query(ExeSql.java:35)] [ main:196 ] - [ INFO ]  com.mysql.cj.jdbc.ClientPreparedStatement: select * from user_t where id = 1 and user_name = 'admin'
2020-05-25 09:16:48 [com.ye.util.PropertiesUtil {Num}] [com.ye.util.PropertiesUtil.loadProps(PropertiesUtil.java:22)] [ main:0 ] - [ INFO ]  开始加载jdbc.properties文件内容.......
2020-05-25 09:16:48 [com.ye.util.PropertiesUtil {Num}] [com.ye.util.PropertiesUtil.loadProps(PropertiesUtil.java:48)] [ main:1 ] - [ INFO ]  加载properties文件内容完成...........
2020-05-25 09:16:48 [com.ye.util.PropertiesUtil {Num}] [com.ye.util.PropertiesUtil.loadProps(PropertiesUtil.java:49)] [ main:2 ] - [ INFO ]  properties文件内容：{password=123456, url=jdbc:mysql://localhost:3306/ktv?serverTimezone=UTC&characterEncoding=utf-8, userName=root, driver=com.mysql.cj.jdbc.Driver}
2020-05-25 09:16:48 [com.ye.mysql.ConnMysql {Num}] [com.ye.mysql.ConnMysql.getConnection(ConnMysql.java:25)] [ main:178 ] - [ INFO ]  MySQL 连接成功
2020-05-25 09:16:48 [com.ye.mysql.ExeSql {Num}] [com.ye.mysql.ExeSql.query(ExeSql.java:34)] [ main:188 ] - [ INFO ]  com.mysql.cj.jdbc.ClientPreparedStatement: select * from user_t where id = 2 and user_name = 'admin'
2020-05-25 09:16:48 [com.ye.mysql.ExeSql {Num}] [com.ye.mysql.ExeSql.query(ExeSql.java:36)] [ main:193 ] - [ INFO ]  com.mysql.cj.jdbc.ClientPreparedStatement: select * from user_t where id = 2 and user_name = 'admin'
2020-05-25 10:07:09 [com.ye.util.PropertiesUtil {Num}] [com.ye.util.PropertiesUtil.loadProps(PropertiesUtil.java:22)] [ main:0 ] - [ INFO ]  开始加载jdbc.properties文件内容.......
2020-05-25 10:07:09 [com.ye.util.PropertiesUtil {Num}] [com.ye.util.PropertiesUtil.loadProps(PropertiesUtil.java:48)] [ main:2 ] - [ INFO ]  加载properties文件内容完成...........
2020-05-25 10:07:09 [com.ye.util.PropertiesUtil {Num}] [com.ye.util.PropertiesUtil.loadProps(PropertiesUtil.java:49)] [ main:2 ] - [ INFO ]  properties文件内容：{password=123456, url=jdbc:mysql://localhost:3306/ktv?serverTimezone=UTC&characterEncoding=utf-8, userName=root, driver=com.mysql.cj.jdbc.Driver}
2020-05-25 10:07:10 [com.ye.mysql.ConnMysql {Num}] [com.ye.mysql.ConnMysql.getConnection(ConnMysql.java:25)] [ main:181 ] - [ INFO ]  MySQL 连接成功
2020-05-25 10:07:10 [com.ye.mysql.ExeSql {Num}] [com.ye.mysql.ExeSql.queryObject(ExeSql.java:34)] [ main:190 ] - [ INFO ]  com.mysql.cj.jdbc.ClientPreparedStatement: select * from user_t where id = 1 and user_name = 'admin'
2020-05-25 10:33:56 [com.ye.util.PropertiesUtil {Num}] [com.ye.util.PropertiesUtil.loadProps(PropertiesUtil.java:22)] [ main:0 ] - [ INFO ]  开始加载jdbc.properties文件内容.......
2020-05-25 10:33:56 [com.ye.util.PropertiesUtil {Num}] [com.ye.util.PropertiesUtil.loadProps(PropertiesUtil.java:48)] [ main:5 ] - [ INFO ]  加载properties文件内容完成...........
2020-05-25 10:33:56 [com.ye.util.PropertiesUtil {Num}] [com.ye.util.PropertiesUtil.loadProps(PropertiesUtil.java:49)] [ main:5 ] - [ INFO ]  properties文件内容：{password=123456, url=jdbc:mysql://localhost:3306/ktv?serverTimezone=UTC&characterEncoding=utf-8, userName=root, driver=com.mysql.cj.jdbc.Driver}
2020-05-25 10:33:56 [com.ye.mysql.ConnMysql {Num}] [com.ye.mysql.ConnMysql.getConnection(ConnMysql.java:25)] [ main:180 ] - [ INFO ]  MySQL 连接成功
2020-05-25 10:33:56 [com.ye.mysql.ExeSql {Num}] [com.ye.mysql.ExeSql.queryObject(ExeSql.java:34)] [ main:190 ] - [ INFO ]  com.mysql.cj.jdbc.ClientPreparedStatement: select * from user_t where id = 1 and user_name = 'admin'
2020-05-25 10:44:19 [com.ye.util.PropertiesUtil {Num}] [com.ye.util.PropertiesUtil.loadProps(PropertiesUtil.java:22)] [ main:0 ] - [ INFO ]  开始加载jdbc.properties文件内容.......
2020-05-25 10:44:19 [com.ye.util.PropertiesUtil {Num}] [com.ye.util.PropertiesUtil.loadProps(PropertiesUtil.java:48)] [ main:1 ] - [ INFO ]  加载properties文件内容完成...........
2020-05-25 10:44:19 [com.ye.util.PropertiesUtil {Num}] [com.ye.util.PropertiesUtil.loadProps(PropertiesUtil.java:49)] [ main:2 ] - [ INFO ]  properties文件内容：{password=123456, url=jdbc:mysql://localhost:3306/ktv?serverTimezone=UTC&characterEncoding=utf-8, userName=root, driver=com.mysql.cj.jdbc.Driver}
2020-05-25 10:44:19 [com.ye.mysql.ConnMysql {Num}] [com.ye.mysql.ConnMysql.getConnection(ConnMysql.java:25)] [ main:180 ] - [ INFO ]  MySQL 连接成功
2020-05-25 10:44:19 [com.ye.mysql.ExeSql {Num}] [com.ye.mysql.ExeSql.queryObject(ExeSql.java:34)] [ main:190 ] - [ INFO ]  com.mysql.cj.jdbc.ClientPreparedStatement: select * from user_t where id > 1
2020-05-25 10:44:20 [com.ye.mysql.ConnMysql {Num}] [com.ye.mysql.ConnMysql.getConnection(ConnMysql.java:25)] [ main:1595 ] - [ INFO ]  MySQL 连接成功
2020-05-25 10:44:20 [com.ye.mysql.ExeSql {Num}] [com.ye.mysql.ExeSql.queryObject(ExeSql.java:34)] [ main:1595 ] - [ INFO ]  com.mysql.cj.jdbc.ClientPreparedStatement: select * from user_t where id > 1
2020-05-25 10:44:21 [com.ye.mysql.ConnMysql {Num}] [com.ye.mysql.ConnMysql.getConnection(ConnMysql.java:25)] [ main:2454 ] - [ INFO ]  MySQL 连接成功
2020-05-25 10:44:21 [com.ye.mysql.ExeSql {Num}] [com.ye.mysql.ExeSql.queryObject(ExeSql.java:34)] [ main:2454 ] - [ INFO ]  com.mysql.cj.jdbc.ClientPreparedStatement: select * from user_t where id > 1
2020-05-25 10:44:29 [com.ye.mysql.ConnMysql {Num}] [com.ye.mysql.ConnMysql.getConnection(ConnMysql.java:25)] [ main:10587 ] - [ INFO ]  MySQL 连接成功
2020-05-25 10:44:29 [com.ye.mysql.ExeSql {Num}] [com.ye.mysql.ExeSql.queryObject(ExeSql.java:34)] [ main:10588 ] - [ INFO ]  com.mysql.cj.jdbc.ClientPreparedStatement: select * from user_t where id > 1
2020-05-25 11:05:50 [com.ye.util.PropertiesUtil {Num}] [com.ye.util.PropertiesUtil.loadProps(PropertiesUtil.java:22)] [ main:0 ] - [ INFO ]  开始加载jdbc.properties文件内容.......
2020-05-25 11:05:50 [com.ye.util.PropertiesUtil {Num}] [com.ye.util.PropertiesUtil.loadProps(PropertiesUtil.java:48)] [ main:1 ] - [ INFO ]  加载properties文件内容完成...........
2020-05-25 11:05:50 [com.ye.util.PropertiesUtil {Num}] [com.ye.util.PropertiesUtil.loadProps(PropertiesUtil.java:49)] [ main:2 ] - [ INFO ]  properties文件内容：{password=123456, url=jdbc:mysql://localhost:3306/ktv?serverTimezone=UTC&characterEncoding=utf-8, userName=root, driver=com.mysql.cj.jdbc.Driver}
2020-05-25 11:05:50 [com.ye.mysql.ConnMysql {Num}] [com.ye.mysql.ConnMysql.getConnection(ConnMysql.java:25)] [ main:180 ] - [ INFO ]  MySQL 连接成功
2020-05-25 11:05:50 [com.ye.mysql.ExeSql {Num}] [com.ye.mysql.ExeSql.queryObject(ExeSql.java:35)] [ main:190 ] - [ INFO ]  com.mysql.cj.jdbc.ClientPreparedStatement: select * from user_t where id > 1
2020-05-25 11:10:14 [com.ye.util.PropertiesUtil {Num}] [com.ye.util.PropertiesUtil.loadProps(PropertiesUtil.java:22)] [ main:0 ] - [ INFO ]  开始加载jdbc.properties文件内容.......
2020-05-25 11:10:14 [com.ye.util.PropertiesUtil {Num}] [com.ye.util.PropertiesUtil.loadProps(PropertiesUtil.java:48)] [ main:2 ] - [ INFO ]  加载properties文件内容完成...........
2020-05-25 11:10:14 [com.ye.util.PropertiesUtil {Num}] [com.ye.util.PropertiesUtil.loadProps(PropertiesUtil.java:49)] [ main:2 ] - [ INFO ]  properties文件内容：{password=123456, url=jdbc:mysql://localhost:3306/ktv?serverTimezone=UTC&characterEncoding=utf-8, userName=root, driver=com.mysql.cj.jdbc.Driver}
2020-05-25 11:10:14 [com.ye.mysql.ConnMysql {Num}] [com.ye.mysql.ConnMysql.getConnection(ConnMysql.java:25)] [ main:181 ] - [ INFO ]  MySQL 连接成功
2020-05-25 11:10:14 [com.ye.mysql.ExeSql {Num}] [com.ye.mysql.ExeSql.queryObject(ExeSql.java:35)] [ main:191 ] - [ INFO ]  com.mysql.cj.jdbc.ClientPreparedStatement: select * from user_t where id > 1
2020-05-25 11:10:14 [com.ye.mysql.ExeSql {Num}] [com.ye.mysql.ExeSql.queryObject(ExeSql.java:51)] [ main:200 ] - [ ERROR ]  ExeSql 类  sql语句执行异常  
2020-05-25 11:28:19 [com.ye.util.PropertiesUtil {Num}] [com.ye.util.PropertiesUtil.loadProps(PropertiesUtil.java:22)] [ main:0 ] - [ INFO ]  开始加载jdbc.properties文件内容.......
2020-05-25 11:28:19 [com.ye.util.PropertiesUtil {Num}] [com.ye.util.PropertiesUtil.loadProps(PropertiesUtil.java:48)] [ main:2 ] - [ INFO ]  加载properties文件内容完成...........
2020-05-25 11:28:19 [com.ye.util.PropertiesUtil {Num}] [com.ye.util.PropertiesUtil.loadProps(PropertiesUtil.java:49)] [ main:2 ] - [ INFO ]  properties文件内容：{password=123456, url=jdbc:mysql://localhost:3306/ktv?serverTimezone=UTC&characterEncoding=utf-8, userName=root, driver=com.mysql.cj.jdbc.Driver}
2020-05-25 11:28:19 [com.ye.mysql.ConnMysql {Num}] [com.ye.mysql.ConnMysql.getConnection(ConnMysql.java:25)] [ main:187 ] - [ INFO ]  MySQL 连接成功
2020-05-25 11:28:19 [com.ye.mysql.ExeSql {Num}] [com.ye.mysql.ExeSql.queryObject(ExeSql.java:35)] [ main:197 ] - [ INFO ]  com.mysql.cj.jdbc.ClientPreparedStatement: select * from user_t where id > 1
2020-05-25 11:28:19 [com.ye.mysql.ExeSql {Num}] [com.ye.mysql.ExeSql.queryObject(ExeSql.java:52)] [ main:206 ] - [ ERROR ]  ExeSql 类  sql语句执行异常  
2020-05-25 11:47:21 [com.ye.util.PropertiesUtil {Num}] [com.ye.util.PropertiesUtil.loadProps(PropertiesUtil.java:22)] [ main:0 ] - [ INFO ]  开始加载jdbc.properties文件内容.......
2020-05-25 11:47:21 [com.ye.util.PropertiesUtil {Num}] [com.ye.util.PropertiesUtil.loadProps(PropertiesUtil.java:48)] [ main:2 ] - [ INFO ]  加载properties文件内容完成...........
2020-05-25 11:47:21 [com.ye.util.PropertiesUtil {Num}] [com.ye.util.PropertiesUtil.loadProps(PropertiesUtil.java:49)] [ main:2 ] - [ INFO ]  properties文件内容：{password=123456, url=jdbc:mysql://localhost:3306/ktv?serverTimezone=UTC&characterEncoding=utf-8, userName=root, driver=com.mysql.cj.jdbc.Driver}
2020-05-25 11:47:21 [com.ye.mysql.ConnMysql {Num}] [com.ye.mysql.ConnMysql.getConnection(ConnMysql.java:25)] [ main:181 ] - [ INFO ]  MySQL 连接成功
2020-05-25 11:47:21 [com.ye.mysql.ExeSql {Num}] [com.ye.mysql.ExeSql.queryObject(ExeSql.java:35)] [ main:190 ] - [ INFO ]  com.mysql.cj.jdbc.ClientPreparedStatement: select * from user_t where id > 1
2020-05-25 11:51:58 [com.ye.util.PropertiesUtil {Num}] [com.ye.util.PropertiesUtil.loadProps(PropertiesUtil.java:22)] [ main:0 ] - [ INFO ]  开始加载jdbc.properties文件内容.......
2020-05-25 11:51:58 [com.ye.util.PropertiesUtil {Num}] [com.ye.util.PropertiesUtil.loadProps(PropertiesUtil.java:48)] [ main:1 ] - [ INFO ]  加载properties文件内容完成...........
2020-05-25 11:51:58 [com.ye.util.PropertiesUtil {Num}] [com.ye.util.PropertiesUtil.loadProps(PropertiesUtil.java:49)] [ main:2 ] - [ INFO ]  properties文件内容：{password=123456, url=jdbc:mysql://localhost:3306/ktv?serverTimezone=UTC&characterEncoding=utf-8, userName=root, driver=com.mysql.cj.jdbc.Driver}
2020-05-25 11:51:59 [com.ye.mysql.ConnMysql {Num}] [com.ye.mysql.ConnMysql.getConnection(ConnMysql.java:25)] [ main:180 ] - [ INFO ]  MySQL 连接成功
2020-05-25 11:51:59 [com.ye.mysql.ExeSql {Num}] [com.ye.mysql.ExeSql.queryObject(ExeSql.java:35)] [ main:190 ] - [ INFO ]  com.mysql.cj.jdbc.ClientPreparedStatement: select * from user_t where id > 1
2020-05-25 11:56:55 [com.ye.util.PropertiesUtil {Num}] [com.ye.util.PropertiesUtil.loadProps(PropertiesUtil.java:22)] [ main:0 ] - [ INFO ]  开始加载jdbc.properties文件内容.......
2020-05-25 11:56:55 [com.ye.util.PropertiesUtil {Num}] [com.ye.util.PropertiesUtil.loadProps(PropertiesUtil.java:48)] [ main:2 ] - [ INFO ]  加载properties文件内容完成...........
2020-05-25 11:56:55 [com.ye.util.PropertiesUtil {Num}] [com.ye.util.PropertiesUtil.loadProps(PropertiesUtil.java:49)] [ main:2 ] - [ INFO ]  properties文件内容：{password=123456, url=jdbc:mysql://localhost:3306/ktv?serverTimezone=UTC&characterEncoding=utf-8, userName=root, driver=com.mysql.cj.jdbc.Driver}
2020-05-25 11:56:55 [com.ye.mysql.ConnMysql {Num}] [com.ye.mysql.ConnMysql.getConnection(ConnMysql.java:25)] [ main:176 ] - [ INFO ]  MySQL 连接成功
2020-05-25 11:56:55 [com.ye.mysql.ExeSql {Num}] [com.ye.mysql.ExeSql.queryObject(ExeSql.java:35)] [ main:186 ] - [ INFO ]  com.mysql.cj.jdbc.ClientPreparedStatement: select * from user_t where id > 1
2020-05-25 11:59:05 [com.ye.util.PropertiesUtil {Num}] [com.ye.util.PropertiesUtil.loadProps(PropertiesUtil.java:22)] [ main:0 ] - [ INFO ]  开始加载jdbc.properties文件内容.......
2020-05-25 11:59:05 [com.ye.util.PropertiesUtil {Num}] [com.ye.util.PropertiesUtil.loadProps(PropertiesUtil.java:48)] [ main:0 ] - [ INFO ]  加载properties文件内容完成...........
2020-05-25 11:59:05 [com.ye.util.PropertiesUtil {Num}] [com.ye.util.PropertiesUtil.loadProps(PropertiesUtil.java:49)] [ main:0 ] - [ INFO ]  properties文件内容：{password=123456, url=jdbc:mysql://localhost:3306/ktv?serverTimezone=UTC&characterEncoding=utf-8, userName=root, driver=com.mysql.cj.jdbc.Driver}
2020-05-25 11:59:06 [com.ye.mysql.ConnMysql {Num}] [com.ye.mysql.ConnMysql.getConnection(ConnMysql.java:25)] [ main:181 ] - [ INFO ]  MySQL 连接成功
2020-05-25 11:59:06 [com.ye.mysql.ExeSql {Num}] [com.ye.mysql.ExeSql.queryObject(ExeSql.java:35)] [ main:191 ] - [ INFO ]  com.mysql.cj.jdbc.ClientPreparedStatement: select * from user_t where id > 1
2020-05-25 14:35:07 [com.ye.util.PropertiesUtil {Num}] [com.ye.util.PropertiesUtil.loadProps(PropertiesUtil.java:22)] [ main:0 ] - [ INFO ]  开始加载jdbc.properties文件内容.......
2020-05-25 14:35:07 [com.ye.util.PropertiesUtil {Num}] [com.ye.util.PropertiesUtil.loadProps(PropertiesUtil.java:48)] [ main:2 ] - [ INFO ]  加载properties文件内容完成...........
2020-05-25 14:35:07 [com.ye.util.PropertiesUtil {Num}] [com.ye.util.PropertiesUtil.loadProps(PropertiesUtil.java:49)] [ main:2 ] - [ INFO ]  properties文件内容：{password=123456, url=jdbc:mysql://localhost:3306/ktv?serverTimezone=UTC&characterEncoding=utf-8, userName=root, driver=com.mysql.cj.jdbc.Driver}
2020-05-25 14:35:07 [com.ye.mysql.ConnMysql {Num}] [com.ye.mysql.ConnMysql.getConnection(ConnMysql.java:25)] [ main:180 ] - [ INFO ]  MySQL 连接成功
2020-05-25 14:35:07 [com.ye.mysql.ExeSql {Num}] [com.ye.mysql.ExeSql.queryObject(ExeSql.java:35)] [ main:189 ] - [ INFO ]  com.mysql.cj.jdbc.ClientPreparedStatement: select * from user_t where id > 1
2020-05-25 14:41:53 [com.ye.util.PropertiesUtil {Num}] [com.ye.util.PropertiesUtil.loadProps(PropertiesUtil.java:22)] [ main:0 ] - [ INFO ]  开始加载jdbc.properties文件内容.......
2020-05-25 14:41:53 [com.ye.util.PropertiesUtil {Num}] [com.ye.util.PropertiesUtil.loadProps(PropertiesUtil.java:48)] [ main:2 ] - [ INFO ]  加载properties文件内容完成...........
2020-05-25 14:41:53 [com.ye.util.PropertiesUtil {Num}] [com.ye.util.PropertiesUtil.loadProps(PropertiesUtil.java:49)] [ main:2 ] - [ INFO ]  properties文件内容：{password=123456, url=jdbc:mysql://localhost:3306/ktv?serverTimezone=UTC&characterEncoding=utf-8, userName=root, driver=com.mysql.cj.jdbc.Driver}
2020-05-25 14:41:53 [com.ye.mysql.ConnMysql {Num}] [com.ye.mysql.ConnMysql.getConnection(ConnMysql.java:25)] [ main:180 ] - [ INFO ]  MySQL 连接成功
2020-05-25 14:41:53 [com.ye.mysql.ExeSql {Num}] [com.ye.mysql.ExeSql.queryObject(ExeSql.java:35)] [ main:190 ] - [ INFO ]  com.mysql.cj.jdbc.ClientPreparedStatement: select * from user_t where id > 1
2020-05-25 14:42:45 [com.ye.util.PropertiesUtil {Num}] [com.ye.util.PropertiesUtil.loadProps(PropertiesUtil.java:22)] [ main:0 ] - [ INFO ]  开始加载jdbc.properties文件内容.......
2020-05-25 14:42:45 [com.ye.util.PropertiesUtil {Num}] [com.ye.util.PropertiesUtil.loadProps(PropertiesUtil.java:48)] [ main:2 ] - [ INFO ]  加载properties文件内容完成...........
2020-05-25 14:42:45 [com.ye.util.PropertiesUtil {Num}] [com.ye.util.PropertiesUtil.loadProps(PropertiesUtil.java:49)] [ main:2 ] - [ INFO ]  properties文件内容：{password=123456, url=jdbc:mysql://localhost:3306/ktv?serverTimezone=UTC&characterEncoding=utf-8, userName=root, driver=com.mysql.cj.jdbc.Driver}
2020-05-25 14:42:46 [com.ye.mysql.ConnMysql {Num}] [com.ye.mysql.ConnMysql.getConnection(ConnMysql.java:25)] [ main:180 ] - [ INFO ]  MySQL 连接成功
2020-05-25 14:42:46 [com.ye.mysql.ExeSql {Num}] [com.ye.mysql.ExeSql.queryObject(ExeSql.java:35)] [ main:189 ] - [ INFO ]  com.mysql.cj.jdbc.ClientPreparedStatement: select * from user_t where id > 1
2020-05-25 14:45:22 [com.ye.util.PropertiesUtil {Num}] [com.ye.util.PropertiesUtil.loadProps(PropertiesUtil.java:22)] [ main:0 ] - [ INFO ]  开始加载jdbc.properties文件内容.......
2020-05-25 14:45:22 [com.ye.util.PropertiesUtil {Num}] [com.ye.util.PropertiesUtil.loadProps(PropertiesUtil.java:48)] [ main:2 ] - [ INFO ]  加载properties文件内容完成...........
2020-05-25 14:45:22 [com.ye.util.PropertiesUtil {Num}] [com.ye.util.PropertiesUtil.loadProps(PropertiesUtil.java:49)] [ main:2 ] - [ INFO ]  properties文件内容：{password=123456, url=jdbc:mysql://localhost:3306/ktv?serverTimezone=UTC&characterEncoding=utf-8, userName=root, driver=com.mysql.cj.jdbc.Driver}
2020-05-25 14:45:22 [com.ye.mysql.ConnMysql {Num}] [com.ye.mysql.ConnMysql.getConnection(ConnMysql.java:25)] [ main:180 ] - [ INFO ]  MySQL 连接成功
2020-05-25 14:45:22 [com.ye.mysql.ExeSql {Num}] [com.ye.mysql.ExeSql.queryObject(ExeSql.java:35)] [ main:190 ] - [ INFO ]  com.mysql.cj.jdbc.ClientPreparedStatement: select * from user_t where id > 1
2020-05-25 15:06:53 [com.ye.util.PropertiesUtil {Num}] [com.ye.util.PropertiesUtil.loadProps(PropertiesUtil.java:22)] [ main:0 ] - [ INFO ]  开始加载jdbc.properties文件内容.......
2020-05-25 15:06:53 [com.ye.util.PropertiesUtil {Num}] [com.ye.util.PropertiesUtil.loadProps(PropertiesUtil.java:48)] [ main:2 ] - [ INFO ]  加载properties文件内容完成...........
2020-05-25 15:06:53 [com.ye.util.PropertiesUtil {Num}] [com.ye.util.PropertiesUtil.loadProps(PropertiesUtil.java:49)] [ main:2 ] - [ INFO ]  properties文件内容：{password=123456, url=jdbc:mysql://localhost:3306/ktv?serverTimezone=UTC&characterEncoding=utf-8, userName=root, driver=com.mysql.cj.jdbc.Driver}
2020-05-25 15:06:53 [com.ye.mysql.ConnMysql {Num}] [com.ye.mysql.ConnMysql.getConnection(ConnMysql.java:25)] [ main:183 ] - [ INFO ]  MySQL 连接成功
2020-05-25 15:06:54 [com.ye.mysql.ExeSql {Num}] [com.ye.mysql.ExeSql.queryObject(ExeSql.java:37)] [ main:193 ] - [ INFO ]  com.mysql.cj.jdbc.ClientPreparedStatement: select * from user_t where id > 1
2020-05-25 15:06:54 [com.ye.mysql.ExeSql {Num}] [com.ye.mysql.ExeSql.queryObject(ExeSql.java:57)] [ main:198 ] - [ ERROR ]  反射异常  
2020-05-25 15:07:32 [com.ye.util.PropertiesUtil {Num}] [com.ye.util.PropertiesUtil.loadProps(PropertiesUtil.java:22)] [ main:0 ] - [ INFO ]  开始加载jdbc.properties文件内容.......
2020-05-25 15:07:32 [com.ye.util.PropertiesUtil {Num}] [com.ye.util.PropertiesUtil.loadProps(PropertiesUtil.java:48)] [ main:2 ] - [ INFO ]  加载properties文件内容完成...........
2020-05-25 15:07:32 [com.ye.util.PropertiesUtil {Num}] [com.ye.util.PropertiesUtil.loadProps(PropertiesUtil.java:49)] [ main:2 ] - [ INFO ]  properties文件内容：{password=123456, url=jdbc:mysql://localhost:3306/ktv?serverTimezone=UTC&characterEncoding=utf-8, userName=root, driver=com.mysql.cj.jdbc.Driver}
2020-05-25 15:07:32 [com.ye.mysql.ConnMysql {Num}] [com.ye.mysql.ConnMysql.getConnection(ConnMysql.java:25)] [ main:177 ] - [ INFO ]  MySQL 连接成功
2020-05-25 15:07:32 [com.ye.mysql.ExeSql {Num}] [com.ye.mysql.ExeSql.queryObject(ExeSql.java:37)] [ main:187 ] - [ INFO ]  com.mysql.cj.jdbc.ClientPreparedStatement: select * from user_t where id > 1
2020-05-25 15:07:32 [com.ye.mysql.ExeSql {Num}] [com.ye.mysql.ExeSql.queryObject(ExeSql.java:54)] [ main:194 ] - [ ERROR ]  ExeSql 类  sql语句执行异常  
2020-05-25 15:35:40 [com.ye.util.PropertiesUtil {Num}] [com.ye.util.PropertiesUtil.loadProps(PropertiesUtil.java:22)] [ main:0 ] - [ INFO ]  开始加载jdbc.properties文件内容.......
2020-05-25 15:35:40 [com.ye.util.PropertiesUtil {Num}] [com.ye.util.PropertiesUtil.loadProps(PropertiesUtil.java:48)] [ main:2 ] - [ INFO ]  加载properties文件内容完成...........
2020-05-25 15:35:40 [com.ye.util.PropertiesUtil {Num}] [com.ye.util.PropertiesUtil.loadProps(PropertiesUtil.java:49)] [ main:2 ] - [ INFO ]  properties文件内容：{password=123456, url=jdbc:mysql://localhost:3306/ktv?serverTimezone=UTC&characterEncoding=utf-8, userName=root, driver=com.mysql.cj.jdbc.Driver}
2020-05-25 15:35:40 [com.ye.mysql.ConnMysql {Num}] [com.ye.mysql.ConnMysql.getConnection(ConnMysql.java:25)] [ main:180 ] - [ INFO ]  MySQL 连接成功
2020-05-25 15:35:40 [com.ye.mysql.ExeSql {Num}] [com.ye.mysql.ExeSql.queryObject(ExeSql.java:38)] [ main:190 ] - [ INFO ]  com.mysql.cj.jdbc.ClientPreparedStatement: select * from user_t where id > 1
2020-05-25 15:36:55 [com.ye.util.PropertiesUtil {Num}] [com.ye.util.PropertiesUtil.loadProps(PropertiesUtil.java:22)] [ main:0 ] - [ INFO ]  开始加载jdbc.properties文件内容.......
2020-05-25 15:36:55 [com.ye.util.PropertiesUtil {Num}] [com.ye.util.PropertiesUtil.loadProps(PropertiesUtil.java:48)] [ main:1 ] - [ INFO ]  加载properties文件内容完成...........
2020-05-25 15:36:55 [com.ye.util.PropertiesUtil {Num}] [com.ye.util.PropertiesUtil.loadProps(PropertiesUtil.java:49)] [ main:2 ] - [ INFO ]  properties文件内容：{password=123456, url=jdbc:mysql://localhost:3306/ktv?serverTimezone=UTC&characterEncoding=utf-8, userName=root, driver=com.mysql.cj.jdbc.Driver}
2020-05-25 15:36:55 [com.ye.mysql.ConnMysql {Num}] [com.ye.mysql.ConnMysql.getConnection(ConnMysql.java:25)] [ main:178 ] - [ INFO ]  MySQL 连接成功
2020-05-25 15:36:55 [com.ye.mysql.ExeSql {Num}] [com.ye.mysql.ExeSql.queryObject(ExeSql.java:38)] [ main:188 ] - [ INFO ]  com.mysql.cj.jdbc.ClientPreparedStatement: select * from user_t where id > 1
2020-05-25 15:46:35 [com.ye.util.PropertiesUtil {Num}] [com.ye.util.PropertiesUtil.loadProps(PropertiesUtil.java:22)] [ main:0 ] - [ INFO ]  开始加载jdbc.properties文件内容.......
2020-05-25 15:46:35 [com.ye.util.PropertiesUtil {Num}] [com.ye.util.PropertiesUtil.loadProps(PropertiesUtil.java:48)] [ main:2 ] - [ INFO ]  加载properties文件内容完成...........
2020-05-25 15:46:35 [com.ye.util.PropertiesUtil {Num}] [com.ye.util.PropertiesUtil.loadProps(PropertiesUtil.java:49)] [ main:2 ] - [ INFO ]  properties文件内容：{password=123456, url=jdbc:mysql://localhost:3306/ktv?serverTimezone=UTC&characterEncoding=utf-8, userName=root, driver=com.mysql.cj.jdbc.Driver}
2020-05-25 15:46:36 [com.ye.mysql.ConnMysql {Num}] [com.ye.mysql.ConnMysql.getConnection(ConnMysql.java:25)] [ main:180 ] - [ INFO ]  MySQL 连接成功
2020-05-25 15:46:36 [com.ye.mysql.ExeSql {Num}] [com.ye.mysql.ExeSql.queryObject(ExeSql.java:39)] [ main:189 ] - [ INFO ]  com.mysql.cj.jdbc.ClientPreparedStatement: select * from user_t where id > 1
2020-05-25 16:05:01 [com.ye.util.PropertiesUtil {Num}] [com.ye.util.PropertiesUtil.loadProps(PropertiesUtil.java:22)] [ main:0 ] - [ INFO ]  开始加载jdbc.properties文件内容.......
2020-05-25 16:05:01 [com.ye.util.PropertiesUtil {Num}] [com.ye.util.PropertiesUtil.loadProps(PropertiesUtil.java:48)] [ main:2 ] - [ INFO ]  加载properties文件内容完成...........
2020-05-25 16:05:01 [com.ye.util.PropertiesUtil {Num}] [com.ye.util.PropertiesUtil.loadProps(PropertiesUtil.java:49)] [ main:2 ] - [ INFO ]  properties文件内容：{password=123456, url=jdbc:mysql://localhost:3306/ktv?serverTimezone=UTC&characterEncoding=utf-8, userName=root, driver=com.mysql.cj.jdbc.Driver}
2020-05-25 16:05:01 [com.ye.mysql.ConnMysql {Num}] [com.ye.mysql.ConnMysql.getConnection(ConnMysql.java:25)] [ main:180 ] - [ INFO ]  MySQL 连接成功
2020-05-25 16:05:01 [com.ye.mysql.ExeSql {Num}] [com.ye.mysql.ExeSql.queryObject(ExeSql.java:39)] [ main:190 ] - [ INFO ]  com.mysql.cj.jdbc.ClientPreparedStatement: select * from user_t where id > 1
2020-05-25 16:06:35 [com.ye.util.PropertiesUtil {Num}] [com.ye.util.PropertiesUtil.loadProps(PropertiesUtil.java:22)] [ main:0 ] - [ INFO ]  开始加载jdbc.properties文件内容.......
2020-05-25 16:06:35 [com.ye.util.PropertiesUtil {Num}] [com.ye.util.PropertiesUtil.loadProps(PropertiesUtil.java:48)] [ main:1 ] - [ INFO ]  加载properties文件内容完成...........
2020-05-25 16:06:35 [com.ye.util.PropertiesUtil {Num}] [com.ye.util.PropertiesUtil.loadProps(PropertiesUtil.java:49)] [ main:2 ] - [ INFO ]  properties文件内容：{password=123456, url=jdbc:mysql://localhost:3306/ktv?serverTimezone=UTC&characterEncoding=utf-8, userName=root, driver=com.mysql.cj.jdbc.Driver}
2020-05-25 16:06:35 [com.ye.mysql.ConnMysql {Num}] [com.ye.mysql.ConnMysql.getConnection(ConnMysql.java:25)] [ main:180 ] - [ INFO ]  MySQL 连接成功
2020-05-25 16:06:35 [com.ye.mysql.ExeSql {Num}] [com.ye.mysql.ExeSql.queryObject(ExeSql.java:39)] [ main:190 ] - [ INFO ]  com.mysql.cj.jdbc.ClientPreparedStatement: select * from user_t where id > 1
2020-05-25 16:09:26 [com.ye.util.PropertiesUtil {Num}] [com.ye.util.PropertiesUtil.loadProps(PropertiesUtil.java:22)] [ main:0 ] - [ INFO ]  开始加载jdbc.properties文件内容.......
2020-05-25 16:09:26 [com.ye.util.PropertiesUtil {Num}] [com.ye.util.PropertiesUtil.loadProps(PropertiesUtil.java:48)] [ main:2 ] - [ INFO ]  加载properties文件内容完成...........
2020-05-25 16:09:26 [com.ye.util.PropertiesUtil {Num}] [com.ye.util.PropertiesUtil.loadProps(PropertiesUtil.java:49)] [ main:2 ] - [ INFO ]  properties文件内容：{password=123456, url=jdbc:mysql://localhost:3306/ktv?serverTimezone=UTC&characterEncoding=utf-8, userName=root, driver=com.mysql.cj.jdbc.Driver}
2020-05-25 16:09:26 [com.ye.mysql.ConnMysql {Num}] [com.ye.mysql.ConnMysql.getConnection(ConnMysql.java:25)] [ main:178 ] - [ INFO ]  MySQL 连接成功
2020-05-25 16:09:26 [com.ye.mysql.ExeSql {Num}] [com.ye.mysql.ExeSql.queryObject(ExeSql.java:39)] [ main:188 ] - [ INFO ]  com.mysql.cj.jdbc.ClientPreparedStatement: select * from user_t where id > 1
2020-05-25 16:09:26 [com.ye.mysql.ExeSql {Num}] [com.ye.mysql.ExeSql.queryObject(ExeSql.java:64)] [ main:195 ] - [ ERROR ]  ExeSql 类  sql语句执行异常  
2020-05-25 16:10:25 [com.ye.util.PropertiesUtil {Num}] [com.ye.util.PropertiesUtil.loadProps(PropertiesUtil.java:22)] [ main:0 ] - [ INFO ]  开始加载jdbc.properties文件内容.......
2020-05-25 16:10:25 [com.ye.util.PropertiesUtil {Num}] [com.ye.util.PropertiesUtil.loadProps(PropertiesUtil.java:48)] [ main:1 ] - [ INFO ]  加载properties文件内容完成...........
2020-05-25 16:10:25 [com.ye.util.PropertiesUtil {Num}] [com.ye.util.PropertiesUtil.loadProps(PropertiesUtil.java:49)] [ main:1 ] - [ INFO ]  properties文件内容：{password=123456, url=jdbc:mysql://localhost:3306/ktv?serverTimezone=UTC&characterEncoding=utf-8, userName=root, driver=com.mysql.cj.jdbc.Driver}
2020-05-25 16:10:25 [com.ye.mysql.ConnMysql {Num}] [com.ye.mysql.ConnMysql.getConnection(ConnMysql.java:25)] [ main:175 ] - [ INFO ]  MySQL 连接成功
2020-05-25 16:10:25 [com.ye.mysql.ExeSql {Num}] [com.ye.mysql.ExeSql.queryObject(ExeSql.java:39)] [ main:185 ] - [ INFO ]  com.mysql.cj.jdbc.ClientPreparedStatement: select * from user_t where id > 1
2020-05-25 16:23:10 [com.ye.util.PropertiesUtil {Num}] [com.ye.util.PropertiesUtil.loadProps(PropertiesUtil.java:22)] [ main:0 ] - [ INFO ]  开始加载jdbc.properties文件内容.......
2020-05-25 16:23:10 [com.ye.util.PropertiesUtil {Num}] [com.ye.util.PropertiesUtil.loadProps(PropertiesUtil.java:48)] [ main:2 ] - [ INFO ]  加载properties文件内容完成...........
2020-05-25 16:23:10 [com.ye.util.PropertiesUtil {Num}] [com.ye.util.PropertiesUtil.loadProps(PropertiesUtil.java:49)] [ main:2 ] - [ INFO ]  properties文件内容：{password=123456, url=jdbc:mysql://localhost:3306/ktv?serverTimezone=UTC&characterEncoding=utf-8, userName=root, driver=com.mysql.cj.jdbc.Driver}
2020-05-25 16:23:10 [com.ye.mysql.ConnMysql {Num}] [com.ye.mysql.ConnMysql.getConnection(ConnMysql.java:25)] [ main:179 ] - [ INFO ]  MySQL 连接成功
2020-05-25 16:23:10 [com.ye.mysql.ExeSql {Num}] [com.ye.mysql.ExeSql.queryObject(ExeSql.java:39)] [ main:189 ] - [ INFO ]  com.mysql.cj.jdbc.ClientPreparedStatement: select * from user_t where id > 1
2020-05-25 16:46:25 [com.ye.util.PropertiesUtil {Num}] [com.ye.util.PropertiesUtil.loadProps(PropertiesUtil.java:22)] [ main:0 ] - [ INFO ]  开始加载jdbc.properties文件内容.......
2020-05-25 16:46:25 [com.ye.util.PropertiesUtil {Num}] [com.ye.util.PropertiesUtil.loadProps(PropertiesUtil.java:48)] [ main:2 ] - [ INFO ]  加载properties文件内容完成...........
2020-05-25 16:46:25 [com.ye.util.PropertiesUtil {Num}] [com.ye.util.PropertiesUtil.loadProps(PropertiesUtil.java:49)] [ main:2 ] - [ INFO ]  properties文件内容：{password=123456, url=jdbc:mysql://localhost:3306/ktv?serverTimezone=UTC&characterEncoding=utf-8, userName=root, driver=com.mysql.cj.jdbc.Driver}
2020-05-25 16:46:25 [com.ye.mysql.ConnMysql {Num}] [com.ye.mysql.ConnMysql.getConnection(ConnMysql.java:25)] [ main:180 ] - [ INFO ]  MySQL 连接成功
2020-05-25 16:46:25 [com.ye.mysql.ExeSql {Num}] [com.ye.mysql.ExeSql.queryObject(ExeSql.java:40)] [ main:190 ] - [ INFO ]  com.mysql.cj.jdbc.ClientPreparedStatement: select * from user_t where id > 1
2020-05-25 16:46:25 [com.ye.mysql.ExeSql {Num}] [com.ye.mysql.ExeSql.queryObject(ExeSql.java:68)] [ main:196 ] - [ ERROR ]  反射异常  
2020-05-25 16:48:22 [com.ye.util.PropertiesUtil {Num}] [com.ye.util.PropertiesUtil.loadProps(PropertiesUtil.java:22)] [ main:0 ] - [ INFO ]  开始加载jdbc.properties文件内容.......
2020-05-25 16:48:22 [com.ye.util.PropertiesUtil {Num}] [com.ye.util.PropertiesUtil.loadProps(PropertiesUtil.java:48)] [ main:2 ] - [ INFO ]  加载properties文件内容完成...........
2020-05-25 16:48:22 [com.ye.util.PropertiesUtil {Num}] [com.ye.util.PropertiesUtil.loadProps(PropertiesUtil.java:49)] [ main:2 ] - [ INFO ]  properties文件内容：{password=123456, url=jdbc:mysql://localhost:3306/ktv?serverTimezone=UTC&characterEncoding=utf-8, userName=root, driver=com.mysql.cj.jdbc.Driver}
2020-05-25 16:48:22 [com.ye.mysql.ConnMysql {Num}] [com.ye.mysql.ConnMysql.getConnection(ConnMysql.java:25)] [ main:180 ] - [ INFO ]  MySQL 连接成功
2020-05-25 16:48:22 [com.ye.mysql.ExeSql {Num}] [com.ye.mysql.ExeSql.queryObject(ExeSql.java:40)] [ main:190 ] - [ INFO ]  com.mysql.cj.jdbc.ClientPreparedStatement: select * from user_t where id > 1
2020-05-25 16:49:31 [com.ye.util.PropertiesUtil {Num}] [com.ye.util.PropertiesUtil.loadProps(PropertiesUtil.java:22)] [ main:0 ] - [ INFO ]  开始加载jdbc.properties文件内容.......
2020-05-25 16:49:31 [com.ye.util.PropertiesUtil {Num}] [com.ye.util.PropertiesUtil.loadProps(PropertiesUtil.java:48)] [ main:1 ] - [ INFO ]  加载properties文件内容完成...........
2020-05-25 16:49:31 [com.ye.util.PropertiesUtil {Num}] [com.ye.util.PropertiesUtil.loadProps(PropertiesUtil.java:49)] [ main:2 ] - [ INFO ]  properties文件内容：{password=123456, url=jdbc:mysql://localhost:3306/ktv?serverTimezone=UTC&characterEncoding=utf-8, userName=root, driver=com.mysql.cj.jdbc.Driver}
2020-05-25 16:49:32 [com.ye.mysql.ConnMysql {Num}] [com.ye.mysql.ConnMysql.getConnection(ConnMysql.java:25)] [ main:180 ] - [ INFO ]  MySQL 连接成功
2020-05-25 16:49:32 [com.ye.mysql.ExeSql {Num}] [com.ye.mysql.ExeSql.queryObject(ExeSql.java:40)] [ main:190 ] - [ INFO ]  com.mysql.cj.jdbc.ClientPreparedStatement: select * from user_t where id > 1
2020-05-25 16:52:43 [com.ye.util.PropertiesUtil {Num}] [com.ye.util.PropertiesUtil.loadProps(PropertiesUtil.java:22)] [ main:0 ] - [ INFO ]  开始加载jdbc.properties文件内容.......
2020-05-25 16:52:43 [com.ye.util.PropertiesUtil {Num}] [com.ye.util.PropertiesUtil.loadProps(PropertiesUtil.java:48)] [ main:2 ] - [ INFO ]  加载properties文件内容完成...........
2020-05-25 16:52:43 [com.ye.util.PropertiesUtil {Num}] [com.ye.util.PropertiesUtil.loadProps(PropertiesUtil.java:49)] [ main:2 ] - [ INFO ]  properties文件内容：{password=123456, url=jdbc:mysql://localhost:3306/ktv?serverTimezone=UTC&characterEncoding=utf-8, userName=root, driver=com.mysql.cj.jdbc.Driver}
2020-05-25 16:52:44 [com.ye.mysql.ConnMysql {Num}] [com.ye.mysql.ConnMysql.getConnection(ConnMysql.java:25)] [ main:179 ] - [ INFO ]  MySQL 连接成功
2020-05-25 16:52:44 [com.ye.mysql.ExeSql {Num}] [com.ye.mysql.ExeSql.queryObject(ExeSql.java:40)] [ main:189 ] - [ INFO ]  com.mysql.cj.jdbc.ClientPreparedStatement: select * from user_t where id > 1
2020-05-25 16:55:08 [com.ye.util.PropertiesUtil {Num}] [com.ye.util.PropertiesUtil.loadProps(PropertiesUtil.java:22)] [ main:0 ] - [ INFO ]  开始加载jdbc.properties文件内容.......
2020-05-25 16:55:08 [com.ye.util.PropertiesUtil {Num}] [com.ye.util.PropertiesUtil.loadProps(PropertiesUtil.java:48)] [ main:2 ] - [ INFO ]  加载properties文件内容完成...........
2020-05-25 16:55:08 [com.ye.util.PropertiesUtil {Num}] [com.ye.util.PropertiesUtil.loadProps(PropertiesUtil.java:49)] [ main:2 ] - [ INFO ]  properties文件内容：{password=123456, url=jdbc:mysql://localhost:3306/ktv?serverTimezone=UTC&characterEncoding=utf-8, userName=root, driver=com.mysql.cj.jdbc.Driver}
2020-05-25 16:55:08 [com.ye.mysql.ConnMysql {Num}] [com.ye.mysql.ConnMysql.getConnection(ConnMysql.java:25)] [ main:178 ] - [ INFO ]  MySQL 连接成功
2020-05-25 16:55:08 [com.ye.mysql.ExeSql {Num}] [com.ye.mysql.ExeSql.queryObject(ExeSql.java:40)] [ main:188 ] - [ INFO ]  com.mysql.cj.jdbc.ClientPreparedStatement: select * from user_t where id > 1
2020-05-25 16:57:57 [com.ye.util.PropertiesUtil {Num}] [com.ye.util.PropertiesUtil.loadProps(PropertiesUtil.java:22)] [ main:0 ] - [ INFO ]  开始加载jdbc.properties文件内容.......
2020-05-25 16:57:57 [com.ye.util.PropertiesUtil {Num}] [com.ye.util.PropertiesUtil.loadProps(PropertiesUtil.java:48)] [ main:2 ] - [ INFO ]  加载properties文件内容完成...........
2020-05-25 16:57:57 [com.ye.util.PropertiesUtil {Num}] [com.ye.util.PropertiesUtil.loadProps(PropertiesUtil.java:49)] [ main:2 ] - [ INFO ]  properties文件内容：{password=123456, url=jdbc:mysql://localhost:3306/ktv?serverTimezone=UTC&characterEncoding=utf-8, userName=root, driver=com.mysql.cj.jdbc.Driver}
2020-05-25 16:57:58 [com.ye.mysql.ConnMysql {Num}] [com.ye.mysql.ConnMysql.getConnection(ConnMysql.java:25)] [ main:182 ] - [ INFO ]  MySQL 连接成功
2020-05-25 16:57:58 [com.ye.mysql.ExeSql {Num}] [com.ye.mysql.ExeSql.queryObject(ExeSql.java:41)] [ main:192 ] - [ INFO ]  com.mysql.cj.jdbc.ClientPreparedStatement: select * from user_t where id > 1
2020-05-25 16:59:31 [com.ye.util.PropertiesUtil {Num}] [com.ye.util.PropertiesUtil.loadProps(PropertiesUtil.java:22)] [ main:0 ] - [ INFO ]  开始加载jdbc.properties文件内容.......
2020-05-25 16:59:31 [com.ye.util.PropertiesUtil {Num}] [com.ye.util.PropertiesUtil.loadProps(PropertiesUtil.java:48)] [ main:2 ] - [ INFO ]  加载properties文件内容完成...........
2020-05-25 16:59:31 [com.ye.util.PropertiesUtil {Num}] [com.ye.util.PropertiesUtil.loadProps(PropertiesUtil.java:49)] [ main:2 ] - [ INFO ]  properties文件内容：{password=123456, url=jdbc:mysql://localhost:3306/ktv?serverTimezone=UTC&characterEncoding=utf-8, userName=root, driver=com.mysql.cj.jdbc.Driver}
2020-05-25 16:59:31 [com.ye.mysql.ConnMysql {Num}] [com.ye.mysql.ConnMysql.getConnection(ConnMysql.java:25)] [ main:180 ] - [ INFO ]  MySQL 连接成功
2020-05-25 16:59:31 [com.ye.mysql.ExeSql {Num}] [com.ye.mysql.ExeSql.queryObject(ExeSql.java:41)] [ main:190 ] - [ INFO ]  com.mysql.cj.jdbc.ClientPreparedStatement: select * from user_t where id > 1
2020-05-25 17:34:51 [com.ye.util.PropertiesUtil {Num}] [com.ye.util.PropertiesUtil.loadProps(PropertiesUtil.java:22)] [ main:0 ] - [ INFO ]  开始加载jdbc.properties文件内容.......
2020-05-25 17:34:51 [com.ye.util.PropertiesUtil {Num}] [com.ye.util.PropertiesUtil.loadProps(PropertiesUtil.java:48)] [ main:2 ] - [ INFO ]  加载properties文件内容完成...........
2020-05-25 17:34:51 [com.ye.util.PropertiesUtil {Num}] [com.ye.util.PropertiesUtil.loadProps(PropertiesUtil.java:49)] [ main:2 ] - [ INFO ]  properties文件内容：{password=123456, url=jdbc:mysql://localhost:3306/ktv?serverTimezone=UTC&characterEncoding=utf-8, userName=root, driver=com.mysql.cj.jdbc.Driver}
2020-05-25 17:34:51 [com.ye.mysql.ConnMysql {Num}] [com.ye.mysql.ConnMysql.getConnection(ConnMysql.java:25)] [ main:181 ] - [ INFO ]  MySQL 连接成功
2020-05-25 17:34:51 [com.ye.mysql.ExeSql {Num}] [com.ye.mysql.ExeSql.queryObject(ExeSql.java:41)] [ main:191 ] - [ INFO ]  com.mysql.cj.jdbc.ClientPreparedStatement: select * from user_t where id > 1
2020-05-25 17:36:08 [com.ye.util.PropertiesUtil {Num}] [com.ye.util.PropertiesUtil.loadProps(PropertiesUtil.java:22)] [ main:0 ] - [ INFO ]  开始加载jdbc.properties文件内容.......
2020-05-25 17:36:08 [com.ye.util.PropertiesUtil {Num}] [com.ye.util.PropertiesUtil.loadProps(PropertiesUtil.java:48)] [ main:2 ] - [ INFO ]  加载properties文件内容完成...........
2020-05-25 17:36:08 [com.ye.util.PropertiesUtil {Num}] [com.ye.util.PropertiesUtil.loadProps(PropertiesUtil.java:49)] [ main:2 ] - [ INFO ]  properties文件内容：{password=123456, url=jdbc:mysql://localhost:3306/ktv?serverTimezone=UTC&characterEncoding=utf-8, userName=root, driver=com.mysql.cj.jdbc.Driver}
2020-05-25 17:36:08 [com.ye.mysql.ConnMysql {Num}] [com.ye.mysql.ConnMysql.getConnection(ConnMysql.java:25)] [ main:181 ] - [ INFO ]  MySQL 连接成功
2020-05-25 17:36:08 [com.ye.mysql.ExeSql {Num}] [com.ye.mysql.ExeSql.queryObject(ExeSql.java:41)] [ main:190 ] - [ INFO ]  com.mysql.cj.jdbc.ClientPreparedStatement: select * from user_t where id > 1
2020-05-25 17:40:55 [com.ye.util.PropertiesUtil {Num}] [com.ye.util.PropertiesUtil.loadProps(PropertiesUtil.java:22)] [ main:0 ] - [ INFO ]  开始加载jdbc.properties文件内容.......
2020-05-25 17:40:55 [com.ye.util.PropertiesUtil {Num}] [com.ye.util.PropertiesUtil.loadProps(PropertiesUtil.java:48)] [ main:2 ] - [ INFO ]  加载properties文件内容完成...........
2020-05-25 17:40:55 [com.ye.util.PropertiesUtil {Num}] [com.ye.util.PropertiesUtil.loadProps(PropertiesUtil.java:49)] [ main:2 ] - [ INFO ]  properties文件内容：{password=123456, url=jdbc:mysql://localhost:3306/ktv?serverTimezone=UTC&characterEncoding=utf-8, userName=root, driver=com.mysql.cj.jdbc.Driver}
2020-05-25 17:40:55 [com.ye.mysql.ConnMysql {Num}] [com.ye.mysql.ConnMysql.getConnection(ConnMysql.java:25)] [ main:181 ] - [ INFO ]  MySQL 连接成功
2020-05-25 17:40:55 [com.ye.mysql.ExeSql {Num}] [com.ye.mysql.ExeSql.queryObject(ExeSql.java:41)] [ main:191 ] - [ INFO ]  com.mysql.cj.jdbc.ClientPreparedStatement: select * from user_t where id > 1
2020-05-25 17:43:25 [com.ye.util.PropertiesUtil {Num}] [com.ye.util.PropertiesUtil.loadProps(PropertiesUtil.java:22)] [ main:0 ] - [ INFO ]  开始加载jdbc.properties文件内容.......
2020-05-25 17:43:25 [com.ye.util.PropertiesUtil {Num}] [com.ye.util.PropertiesUtil.loadProps(PropertiesUtil.java:48)] [ main:2 ] - [ INFO ]  加载properties文件内容完成...........
2020-05-25 17:43:25 [com.ye.util.PropertiesUtil {Num}] [com.ye.util.PropertiesUtil.loadProps(PropertiesUtil.java:49)] [ main:2 ] - [ INFO ]  properties文件内容：{password=123456, url=jdbc:mysql://localhost:3306/ktv?serverTimezone=UTC&characterEncoding=utf-8, userName=root, driver=com.mysql.cj.jdbc.Driver}
2020-05-25 17:43:25 [com.ye.mysql.ConnMysql {Num}] [com.ye.mysql.ConnMysql.getConnection(ConnMysql.java:25)] [ main:181 ] - [ INFO ]  MySQL 连接成功
2020-05-25 17:43:25 [com.ye.mysql.ExeSql {Num}] [com.ye.mysql.ExeSql.queryObject(ExeSql.java:41)] [ main:190 ] - [ INFO ]  com.mysql.cj.jdbc.ClientPreparedStatement: select * from user_t where id > 1
2020-05-25 17:52:15 [com.ye.util.PropertiesUtil {Num}] [com.ye.util.PropertiesUtil.loadProps(PropertiesUtil.java:22)] [ main:0 ] - [ INFO ]  开始加载jdbc.properties文件内容.......
2020-05-25 17:52:15 [com.ye.util.PropertiesUtil {Num}] [com.ye.util.PropertiesUtil.loadProps(PropertiesUtil.java:48)] [ main:1 ] - [ INFO ]  加载properties文件内容完成...........
2020-05-25 17:52:15 [com.ye.util.PropertiesUtil {Num}] [com.ye.util.PropertiesUtil.loadProps(PropertiesUtil.java:49)] [ main:2 ] - [ INFO ]  properties文件内容：{password=123456, url=jdbc:mysql://localhost:3306/ktv?serverTimezone=UTC&characterEncoding=utf-8, userName=root, driver=com.mysql.cj.jdbc.Driver}
2020-05-25 17:52:15 [com.ye.mysql.ConnMysql {Num}] [com.ye.mysql.ConnMysql.getConnection(ConnMysql.java:25)] [ main:180 ] - [ INFO ]  MySQL 连接成功
2020-05-25 17:52:15 [com.ye.mysql.ExeSql {Num}] [com.ye.mysql.ExeSql.queryObject(ExeSql.java:41)] [ main:190 ] - [ INFO ]  com.mysql.cj.jdbc.ClientPreparedStatement: select * from user_t where id > 1
2020-05-25 17:54:37 [com.ye.util.PropertiesUtil {Num}] [com.ye.util.PropertiesUtil.loadProps(PropertiesUtil.java:22)] [ main:0 ] - [ INFO ]  开始加载jdbc.properties文件内容.......
2020-05-25 17:54:37 [com.ye.util.PropertiesUtil {Num}] [com.ye.util.PropertiesUtil.loadProps(PropertiesUtil.java:48)] [ main:2 ] - [ INFO ]  加载properties文件内容完成...........
2020-05-25 17:54:37 [com.ye.util.PropertiesUtil {Num}] [com.ye.util.PropertiesUtil.loadProps(PropertiesUtil.java:49)] [ main:2 ] - [ INFO ]  properties文件内容：{password=123456, url=jdbc:mysql://localhost:3306/ktv?serverTimezone=UTC&characterEncoding=utf-8, userName=root, driver=com.mysql.cj.jdbc.Driver}
2020-05-25 17:54:37 [com.ye.mysql.ConnMysql {Num}] [com.ye.mysql.ConnMysql.getConnection(ConnMysql.java:25)] [ main:183 ] - [ INFO ]  MySQL 连接成功
2020-05-25 17:54:37 [com.ye.mysql.ExeSql {Num}] [com.ye.mysql.ExeSql.queryObject(ExeSql.java:40)] [ main:193 ] - [ INFO ]  com.mysql.cj.jdbc.ClientPreparedStatement: select * from user_t where id > 1
2020-05-25 18:17:21 [com.ye.util.PropertiesUtil {Num}] [com.ye.util.PropertiesUtil.loadProps(PropertiesUtil.java:22)] [ main:0 ] - [ INFO ]  开始加载jdbc.properties文件内容.......
2020-05-25 18:17:21 [com.ye.util.PropertiesUtil {Num}] [com.ye.util.PropertiesUtil.loadProps(PropertiesUtil.java:48)] [ main:2 ] - [ INFO ]  加载properties文件内容完成...........
2020-05-25 18:17:21 [com.ye.util.PropertiesUtil {Num}] [com.ye.util.PropertiesUtil.loadProps(PropertiesUtil.java:49)] [ main:2 ] - [ INFO ]  properties文件内容：{password=123456, url=jdbc:mysql://localhost:3306/ktv?serverTimezone=UTC&characterEncoding=utf-8, userName=root, driver=com.mysql.cj.jdbc.Driver}
2020-05-25 18:17:21 [com.ye.mysql.ConnMysql {Num}] [com.ye.mysql.ConnMysql.getConnection(ConnMysql.java:25)] [ main:181 ] - [ INFO ]  MySQL 连接成功
2020-05-25 18:17:21 [com.ye.mysql.ExeSql {Num}] [com.ye.mysql.ExeSql.queryObject(ExeSql.java:40)] [ main:191 ] - [ INFO ]  com.mysql.cj.jdbc.ClientPreparedStatement: select * from user_t where id > 1
2020-05-25 18:18:30 [com.ye.util.PropertiesUtil {Num}] [com.ye.util.PropertiesUtil.loadProps(PropertiesUtil.java:22)] [ main:0 ] - [ INFO ]  开始加载jdbc.properties文件内容.......
2020-05-25 18:18:30 [com.ye.util.PropertiesUtil {Num}] [com.ye.util.PropertiesUtil.loadProps(PropertiesUtil.java:48)] [ main:2 ] - [ INFO ]  加载properties文件内容完成...........
2020-05-25 18:18:30 [com.ye.util.PropertiesUtil {Num}] [com.ye.util.PropertiesUtil.loadProps(PropertiesUtil.java:49)] [ main:2 ] - [ INFO ]  properties文件内容：{password=123456, url=jdbc:mysql://localhost:3306/ktv?serverTimezone=UTC&characterEncoding=utf-8, userName=root, driver=com.mysql.cj.jdbc.Driver}
2020-05-25 18:18:30 [com.ye.mysql.ConnMysql {Num}] [com.ye.mysql.ConnMysql.getConnection(ConnMysql.java:25)] [ main:180 ] - [ INFO ]  MySQL 连接成功
2020-05-25 18:18:30 [com.ye.mysql.ExeSql {Num}] [com.ye.mysql.ExeSql.queryObject(ExeSql.java:40)] [ main:189 ] - [ INFO ]  com.mysql.cj.jdbc.ClientPreparedStatement: select * from user_t where id > 1
2020-05-25 18:20:56 [com.ye.mysql.ConnMysql {Num}] [com.ye.mysql.ConnMysql.getConnection(ConnMysql.java:25)] [ main:146214 ] - [ INFO ]  MySQL 连接成功
2020-05-25 18:20:56 [com.ye.mysql.ExeSql {Num}] [com.ye.mysql.ExeSql.queryObject(ExeSql.java:40)] [ main:146214 ] - [ INFO ]  com.mysql.cj.jdbc.ClientPreparedStatement: select * from user_t where id > 1
2020-05-25 18:27:41 [com.ye.mysql.ConnMysql {Num}] [com.ye.mysql.ConnMysql.getConnection(ConnMysql.java:25)] [ main:551546 ] - [ INFO ]  MySQL 连接成功
2020-05-25 18:27:41 [com.ye.mysql.ExeSql {Num}] [com.ye.mysql.ExeSql.queryObject(ExeSql.java:40)] [ main:551547 ] - [ INFO ]  com.mysql.cj.jdbc.ClientPreparedStatement: select * from user_t where id > 1
2020-05-25 19:43:39 [com.ye.util.PropertiesUtil {Num}] [com.ye.util.PropertiesUtil.loadProps(PropertiesUtil.java:22)] [ main:0 ] - [ INFO ]  开始加载jdbc.properties文件内容.......
2020-05-25 19:43:39 [com.ye.util.PropertiesUtil {Num}] [com.ye.util.PropertiesUtil.loadProps(PropertiesUtil.java:48)] [ main:2 ] - [ INFO ]  加载properties文件内容完成...........
2020-05-25 19:43:39 [com.ye.util.PropertiesUtil {Num}] [com.ye.util.PropertiesUtil.loadProps(PropertiesUtil.java:49)] [ main:2 ] - [ INFO ]  properties文件内容：{password=123456, url=jdbc:mysql://localhost:3306/ktv?serverTimezone=UTC&characterEncoding=utf-8, userName=root, driver=com.mysql.cj.jdbc.Driver}
2020-05-25 19:43:39 [com.ye.mysql.ConnMysql {Num}] [com.ye.mysql.ConnMysql.getConnection(ConnMysql.java:25)] [ main:178 ] - [ INFO ]  MySQL 连接成功
2020-05-25 19:43:39 [com.ye.mysql.ExeSql {Num}] [com.ye.mysql.ExeSql.queryObject(ExeSql.java:40)] [ main:188 ] - [ INFO ]  com.mysql.cj.jdbc.ClientPreparedStatement: select * from user_t where id > 1
2020-05-25 20:12:34 [com.ye.util.PropertiesUtil {Num}] [com.ye.util.PropertiesUtil.loadProps(PropertiesUtil.java:22)] [ main:0 ] - [ INFO ]  开始加载jdbc.properties文件内容.......
2020-05-25 20:12:34 [com.ye.util.PropertiesUtil {Num}] [com.ye.util.PropertiesUtil.loadProps(PropertiesUtil.java:48)] [ main:1 ] - [ INFO ]  加载properties文件内容完成...........
2020-05-25 20:12:34 [com.ye.util.PropertiesUtil {Num}] [com.ye.util.PropertiesUtil.loadProps(PropertiesUtil.java:49)] [ main:1 ] - [ INFO ]  properties文件内容：{password=123456, url=jdbc:mysql://localhost:3306/ktv?serverTimezone=UTC&characterEncoding=utf-8, userName=root, driver=com.mysql.cj.jdbc.Driver}
2020-05-25 20:12:34 [com.ye.mysql.ConnMysql {Num}] [com.ye.mysql.ConnMysql.getConnection(ConnMysql.java:25)] [ main:176 ] - [ INFO ]  MySQL 连接成功
2020-05-25 20:12:34 [com.ye.mysql.ExeSql {Num}] [com.ye.mysql.ExeSql.queryObject(ExeSql.java:40)] [ main:186 ] - [ INFO ]  com.mysql.cj.jdbc.ClientPreparedStatement: select * from user_t where id > 1
2020-05-25 20:14:30 [com.ye.mysql.ConnMysql {Num}] [com.ye.mysql.ConnMysql.getConnection(ConnMysql.java:25)] [ main:116558 ] - [ INFO ]  MySQL 连接成功
2020-05-25 20:14:30 [com.ye.mysql.ExeSql {Num}] [com.ye.mysql.ExeSql.queryObject(ExeSql.java:40)] [ main:116558 ] - [ INFO ]  com.mysql.cj.jdbc.ClientPreparedStatement: select * from user_t where id > 1
2020-05-25 20:14:36 [com.ye.mysql.ConnMysql {Num}] [com.ye.mysql.ConnMysql.getConnection(ConnMysql.java:25)] [ main:121922 ] - [ INFO ]  MySQL 连接成功
2020-05-25 20:14:36 [com.ye.mysql.ExeSql {Num}] [com.ye.mysql.ExeSql.queryObject(ExeSql.java:40)] [ main:121923 ] - [ INFO ]  com.mysql.cj.jdbc.ClientPreparedStatement: select * from user_t where id > 1
2020-05-25 20:15:28 [com.ye.util.PropertiesUtil {Num}] [com.ye.util.PropertiesUtil.loadProps(PropertiesUtil.java:22)] [ main:0 ] - [ INFO ]  开始加载jdbc.properties文件内容.......
2020-05-25 20:15:28 [com.ye.util.PropertiesUtil {Num}] [com.ye.util.PropertiesUtil.loadProps(PropertiesUtil.java:48)] [ main:2 ] - [ INFO ]  加载properties文件内容完成...........
2020-05-25 20:15:28 [com.ye.util.PropertiesUtil {Num}] [com.ye.util.PropertiesUtil.loadProps(PropertiesUtil.java:49)] [ main:2 ] - [ INFO ]  properties文件内容：{password=123456, url=jdbc:mysql://localhost:3306/ktv?serverTimezone=UTC&characterEncoding=utf-8, userName=root, driver=com.mysql.cj.jdbc.Driver}
2020-05-25 20:15:28 [com.ye.mysql.ConnMysql {Num}] [com.ye.mysql.ConnMysql.getConnection(ConnMysql.java:25)] [ main:180 ] - [ INFO ]  MySQL 连接成功
2020-05-25 20:15:28 [com.ye.mysql.ExeSql {Num}] [com.ye.mysql.ExeSql.queryObject(ExeSql.java:40)] [ main:190 ] - [ INFO ]  com.mysql.cj.jdbc.ClientPreparedStatement: select * from user_t where id > 1
2020-05-25 20:15:56 [com.ye.util.PropertiesUtil {Num}] [com.ye.util.PropertiesUtil.loadProps(PropertiesUtil.java:22)] [ main:0 ] - [ INFO ]  开始加载jdbc.properties文件内容.......
2020-05-25 20:15:56 [com.ye.util.PropertiesUtil {Num}] [com.ye.util.PropertiesUtil.loadProps(PropertiesUtil.java:48)] [ main:2 ] - [ INFO ]  加载properties文件内容完成...........
2020-05-25 20:15:56 [com.ye.util.PropertiesUtil {Num}] [com.ye.util.PropertiesUtil.loadProps(PropertiesUtil.java:49)] [ main:2 ] - [ INFO ]  properties文件内容：{password=123456, url=jdbc:mysql://localhost:3306/ktv?serverTimezone=UTC&characterEncoding=utf-8, userName=root, driver=com.mysql.cj.jdbc.Driver}
2020-05-25 20:15:57 [com.ye.mysql.ConnMysql {Num}] [com.ye.mysql.ConnMysql.getConnection(ConnMysql.java:25)] [ main:181 ] - [ INFO ]  MySQL 连接成功
2020-05-25 20:15:57 [com.ye.mysql.ExeSql {Num}] [com.ye.mysql.ExeSql.queryObject(ExeSql.java:40)] [ main:189 ] - [ INFO ]  com.mysql.cj.jdbc.ClientPreparedStatement: select * from user_t where id > 1
2020-05-25 20:16:03 [com.ye.mysql.ConnMysql {Num}] [com.ye.mysql.ConnMysql.getConnection(ConnMysql.java:25)] [ main:6353 ] - [ INFO ]  MySQL 连接成功
2020-05-25 20:16:03 [com.ye.mysql.ExeSql {Num}] [com.ye.mysql.ExeSql.queryObject(ExeSql.java:40)] [ main:6354 ] - [ INFO ]  com.mysql.cj.jdbc.ClientPreparedStatement: select * from user_t where id > 1
2020-05-25 20:20:40 [com.ye.util.PropertiesUtil {Num}] [com.ye.util.PropertiesUtil.loadProps(PropertiesUtil.java:22)] [ main:0 ] - [ INFO ]  开始加载jdbc.properties文件内容.......
2020-05-25 20:20:40 [com.ye.util.PropertiesUtil {Num}] [com.ye.util.PropertiesUtil.loadProps(PropertiesUtil.java:48)] [ main:2 ] - [ INFO ]  加载properties文件内容完成...........
2020-05-25 20:20:40 [com.ye.util.PropertiesUtil {Num}] [com.ye.util.PropertiesUtil.loadProps(PropertiesUtil.java:49)] [ main:2 ] - [ INFO ]  properties文件内容：{password=123456, url=jdbc:mysql://localhost:3306/ktv?serverTimezone=UTC&characterEncoding=utf-8, userName=root, driver=com.mysql.cj.jdbc.Driver}
2020-05-25 20:20:40 [com.ye.mysql.ConnMysql {Num}] [com.ye.mysql.ConnMysql.getConnection(ConnMysql.java:25)] [ main:180 ] - [ INFO ]  MySQL 连接成功
2020-05-25 20:20:40 [com.ye.mysql.ExeSql {Num}] [com.ye.mysql.ExeSql.queryObject(ExeSql.java:40)] [ main:190 ] - [ INFO ]  com.mysql.cj.jdbc.ClientPreparedStatement: select * from user_t where id > 1
2020-05-25 20:24:23 [com.ye.util.PropertiesUtil {Num}] [com.ye.util.PropertiesUtil.loadProps(PropertiesUtil.java:22)] [ main:0 ] - [ INFO ]  开始加载jdbc.properties文件内容.......
2020-05-25 20:24:23 [com.ye.util.PropertiesUtil {Num}] [com.ye.util.PropertiesUtil.loadProps(PropertiesUtil.java:48)] [ main:2 ] - [ INFO ]  加载properties文件内容完成...........
2020-05-25 20:24:23 [com.ye.util.PropertiesUtil {Num}] [com.ye.util.PropertiesUtil.loadProps(PropertiesUtil.java:49)] [ main:2 ] - [ INFO ]  properties文件内容：{password=123456, url=jdbc:mysql://localhost:3306/ktv?serverTimezone=UTC&characterEncoding=utf-8, userName=root, driver=com.mysql.cj.jdbc.Driver}
2020-05-25 20:24:23 [com.ye.mysql.ConnMysql {Num}] [com.ye.mysql.ConnMysql.getConnection(ConnMysql.java:25)] [ main:183 ] - [ INFO ]  MySQL 连接成功
2020-05-25 20:24:23 [com.ye.mysql.ExeSql {Num}] [com.ye.mysql.ExeSql.queryObject(ExeSql.java:40)] [ main:193 ] - [ INFO ]  com.mysql.cj.jdbc.ClientPreparedStatement: select * from user_t where id > 1
2020-05-25 20:24:28 [com.ye.mysql.ConnMysql {Num}] [com.ye.mysql.ConnMysql.getConnection(ConnMysql.java:25)] [ main:4402 ] - [ INFO ]  MySQL 连接成功
2020-05-25 20:24:28 [com.ye.mysql.ExeSql {Num}] [com.ye.mysql.ExeSql.queryObject(ExeSql.java:40)] [ main:4403 ] - [ INFO ]  com.mysql.cj.jdbc.ClientPreparedStatement: select * from user_t where id > 1
2020-05-25 20:24:28 [com.ye.mysql.ConnMysql {Num}] [com.ye.mysql.ConnMysql.getConnection(ConnMysql.java:25)] [ main:5222 ] - [ INFO ]  MySQL 连接成功
2020-05-25 20:24:28 [com.ye.mysql.ExeSql {Num}] [com.ye.mysql.ExeSql.queryObject(ExeSql.java:40)] [ main:5223 ] - [ INFO ]  com.mysql.cj.jdbc.ClientPreparedStatement: select * from user_t where id > 1
2020-05-25 20:25:25 [com.ye.util.PropertiesUtil {Num}] [com.ye.util.PropertiesUtil.loadProps(PropertiesUtil.java:22)] [ main:0 ] - [ INFO ]  开始加载jdbc.properties文件内容.......
2020-05-25 20:25:25 [com.ye.util.PropertiesUtil {Num}] [com.ye.util.PropertiesUtil.loadProps(PropertiesUtil.java:48)] [ main:2 ] - [ INFO ]  加载properties文件内容完成...........
2020-05-25 20:25:25 [com.ye.util.PropertiesUtil {Num}] [com.ye.util.PropertiesUtil.loadProps(PropertiesUtil.java:49)] [ main:2 ] - [ INFO ]  properties文件内容：{password=123456, url=jdbc:mysql://localhost:3306/ktv?serverTimezone=UTC&characterEncoding=utf-8, userName=root, driver=com.mysql.cj.jdbc.Driver}
2020-05-25 20:25:26 [com.ye.mysql.ConnMysql {Num}] [com.ye.mysql.ConnMysql.getConnection(ConnMysql.java:25)] [ main:181 ] - [ INFO ]  MySQL 连接成功
2020-05-25 20:25:26 [com.ye.mysql.ExeSql {Num}] [com.ye.mysql.ExeSql.queryObject(ExeSql.java:40)] [ main:191 ] - [ INFO ]  com.mysql.cj.jdbc.ClientPreparedStatement: select * from user_t where id > 1
2020-05-25 20:25:26 [com.ye.mysql.ConnMysql {Num}] [com.ye.mysql.ConnMysql.getConnection(ConnMysql.java:25)] [ main:658 ] - [ INFO ]  MySQL 连接成功
2020-05-25 20:25:26 [com.ye.mysql.ExeSql {Num}] [com.ye.mysql.ExeSql.queryObject(ExeSql.java:40)] [ main:659 ] - [ INFO ]  com.mysql.cj.jdbc.ClientPreparedStatement: select * from user_t where id > 1
2020-05-25 20:25:26 [com.ye.mysql.ConnMysql {Num}] [com.ye.mysql.ConnMysql.getConnection(ConnMysql.java:25)] [ main:1104 ] - [ INFO ]  MySQL 连接成功
2020-05-25 20:25:26 [com.ye.mysql.ExeSql {Num}] [com.ye.mysql.ExeSql.queryObject(ExeSql.java:40)] [ main:1104 ] - [ INFO ]  com.mysql.cj.jdbc.ClientPreparedStatement: select * from user_t where id > 1
2020-05-25 20:25:27 [com.ye.mysql.ConnMysql {Num}] [com.ye.mysql.ConnMysql.getConnection(ConnMysql.java:25)] [ main:1292 ] - [ INFO ]  MySQL 连接成功
2020-05-25 20:25:27 [com.ye.mysql.ExeSql {Num}] [com.ye.mysql.ExeSql.queryObject(ExeSql.java:40)] [ main:1292 ] - [ INFO ]  com.mysql.cj.jdbc.ClientPreparedStatement: select * from user_t where id > 1
2020-05-25 20:25:27 [com.ye.mysql.ConnMysql {Num}] [com.ye.mysql.ConnMysql.getConnection(ConnMysql.java:25)] [ main:1468 ] - [ INFO ]  MySQL 连接成功
2020-05-25 20:25:27 [com.ye.mysql.ExeSql {Num}] [com.ye.mysql.ExeSql.queryObject(ExeSql.java:40)] [ main:1468 ] - [ INFO ]  com.mysql.cj.jdbc.ClientPreparedStatement: select * from user_t where id > 1
2020-05-25 20:25:27 [com.ye.mysql.ConnMysql {Num}] [com.ye.mysql.ConnMysql.getConnection(ConnMysql.java:25)] [ main:1643 ] - [ INFO ]  MySQL 连接成功
2020-05-25 20:25:27 [com.ye.mysql.ExeSql {Num}] [com.ye.mysql.ExeSql.queryObject(ExeSql.java:40)] [ main:1643 ] - [ INFO ]  com.mysql.cj.jdbc.ClientPreparedStatement: select * from user_t where id > 1
2020-05-25 20:25:27 [com.ye.mysql.ConnMysql {Num}] [com.ye.mysql.ConnMysql.getConnection(ConnMysql.java:25)] [ main:1843 ] - [ INFO ]  MySQL 连接成功
2020-05-25 20:25:27 [com.ye.mysql.ExeSql {Num}] [com.ye.mysql.ExeSql.queryObject(ExeSql.java:40)] [ main:1843 ] - [ INFO ]  com.mysql.cj.jdbc.ClientPreparedStatement: select * from user_t where id > 1
2020-05-25 20:25:30 [com.ye.mysql.ConnMysql {Num}] [com.ye.mysql.ConnMysql.getConnection(ConnMysql.java:25)] [ main:4996 ] - [ INFO ]  MySQL 连接成功
2020-05-25 20:25:30 [com.ye.mysql.ExeSql {Num}] [com.ye.mysql.ExeSql.queryObject(ExeSql.java:40)] [ main:4997 ] - [ INFO ]  com.mysql.cj.jdbc.ClientPreparedStatement: select * from user_t where id > 1
2020-05-25 20:31:15 [com.ye.util.PropertiesUtil {Num}] [com.ye.util.PropertiesUtil.loadProps(PropertiesUtil.java:22)] [ main:0 ] - [ INFO ]  开始加载jdbc.properties文件内容.......
2020-05-25 20:31:15 [com.ye.util.PropertiesUtil {Num}] [com.ye.util.PropertiesUtil.loadProps(PropertiesUtil.java:48)] [ main:1 ] - [ INFO ]  加载properties文件内容完成...........
2020-05-25 20:31:15 [com.ye.util.PropertiesUtil {Num}] [com.ye.util.PropertiesUtil.loadProps(PropertiesUtil.java:49)] [ main:2 ] - [ INFO ]  properties文件内容：{password=123456, url=jdbc:mysql://localhost:3306/ktv?serverTimezone=UTC&characterEncoding=utf-8, userName=root, driver=com.mysql.cj.jdbc.Driver}
2020-05-25 20:31:15 [com.ye.mysql.ConnMysql {Num}] [com.ye.mysql.ConnMysql.getConnection(ConnMysql.java:25)] [ main:180 ] - [ INFO ]  MySQL 连接成功
2020-05-25 20:31:15 [com.ye.mysql.ExeSql {Num}] [com.ye.mysql.ExeSql.queryObject(ExeSql.java:40)] [ main:190 ] - [ INFO ]  com.mysql.cj.jdbc.ClientPreparedStatement: select * from user_t where id = 'ye' and password = '123456'
2020-05-25 20:32:20 [com.ye.util.PropertiesUtil {Num}] [com.ye.util.PropertiesUtil.loadProps(PropertiesUtil.java:22)] [ main:0 ] - [ INFO ]  开始加载jdbc.properties文件内容.......
2020-05-25 20:32:20 [com.ye.util.PropertiesUtil {Num}] [com.ye.util.PropertiesUtil.loadProps(PropertiesUtil.java:48)] [ main:1 ] - [ INFO ]  加载properties文件内容完成...........
2020-05-25 20:32:20 [com.ye.util.PropertiesUtil {Num}] [com.ye.util.PropertiesUtil.loadProps(PropertiesUtil.java:49)] [ main:2 ] - [ INFO ]  properties文件内容：{password=123456, url=jdbc:mysql://localhost:3306/ktv?serverTimezone=UTC&characterEncoding=utf-8, userName=root, driver=com.mysql.cj.jdbc.Driver}
2020-05-25 20:32:20 [com.ye.mysql.ConnMysql {Num}] [com.ye.mysql.ConnMysql.getConnection(ConnMysql.java:25)] [ main:177 ] - [ INFO ]  MySQL 连接成功
2020-05-25 20:32:20 [com.ye.mysql.ExeSql {Num}] [com.ye.mysql.ExeSql.queryObject(ExeSql.java:40)] [ main:187 ] - [ INFO ]  com.mysql.cj.jdbc.ClientPreparedStatement: select * from user_t where user_name = 'ye' and password = '123456'
2020-05-25 20:34:27 [com.ye.util.PropertiesUtil {Num}] [com.ye.util.PropertiesUtil.loadProps(PropertiesUtil.java:22)] [ main:0 ] - [ INFO ]  开始加载jdbc.properties文件内容.......
2020-05-25 20:34:27 [com.ye.util.PropertiesUtil {Num}] [com.ye.util.PropertiesUtil.loadProps(PropertiesUtil.java:48)] [ main:2 ] - [ INFO ]  加载properties文件内容完成...........
2020-05-25 20:34:27 [com.ye.util.PropertiesUtil {Num}] [com.ye.util.PropertiesUtil.loadProps(PropertiesUtil.java:49)] [ main:2 ] - [ INFO ]  properties文件内容：{password=123456, url=jdbc:mysql://localhost:3306/ktv?serverTimezone=UTC&characterEncoding=utf-8, userName=root, driver=com.mysql.cj.jdbc.Driver}
2020-05-25 20:34:27 [com.ye.mysql.ConnMysql {Num}] [com.ye.mysql.ConnMysql.getConnection(ConnMysql.java:25)] [ main:181 ] - [ INFO ]  MySQL 连接成功
2020-05-25 20:34:27 [com.ye.mysql.ExeSql {Num}] [com.ye.mysql.ExeSql.queryObject(ExeSql.java:40)] [ main:191 ] - [ INFO ]  com.mysql.cj.jdbc.ClientPreparedStatement: select * from user_t where user_name = 'ye' and password = '123456'
2020-05-25 20:37:10 [com.ye.util.PropertiesUtil {Num}] [com.ye.util.PropertiesUtil.loadProps(PropertiesUtil.java:22)] [ main:0 ] - [ INFO ]  开始加载jdbc.properties文件内容.......
2020-05-25 20:37:10 [com.ye.util.PropertiesUtil {Num}] [com.ye.util.PropertiesUtil.loadProps(PropertiesUtil.java:48)] [ main:2 ] - [ INFO ]  加载properties文件内容完成...........
2020-05-25 20:37:10 [com.ye.util.PropertiesUtil {Num}] [com.ye.util.PropertiesUtil.loadProps(PropertiesUtil.java:49)] [ main:2 ] - [ INFO ]  properties文件内容：{password=123456, url=jdbc:mysql://localhost:3306/ktv?serverTimezone=UTC&characterEncoding=utf-8, userName=root, driver=com.mysql.cj.jdbc.Driver}
2020-05-25 20:37:10 [com.ye.mysql.ConnMysql {Num}] [com.ye.mysql.ConnMysql.getConnection(ConnMysql.java:25)] [ main:182 ] - [ INFO ]  MySQL 连接成功
2020-05-25 20:37:10 [com.ye.mysql.ExeSql {Num}] [com.ye.mysql.ExeSql.queryObject(ExeSql.java:40)] [ main:191 ] - [ INFO ]  com.mysql.cj.jdbc.ClientPreparedStatement: select * from user_t where user_name = 'ye' and password = '123456'
2020-05-25 20:37:22 [com.ye.mysql.ConnMysql {Num}] [com.ye.mysql.ConnMysql.getConnection(ConnMysql.java:25)] [ main:12834 ] - [ INFO ]  MySQL 连接成功
2020-05-25 20:37:22 [com.ye.mysql.ExeSql {Num}] [com.ye.mysql.ExeSql.queryObject(ExeSql.java:40)] [ main:12835 ] - [ INFO ]  com.mysql.cj.jdbc.ClientPreparedStatement: select * from user_t where user_name = 'admin' and password = '123456'
2020-05-25 20:50:52 [com.ye.util.PropertiesUtil {Num}] [com.ye.util.PropertiesUtil.loadProps(PropertiesUtil.java:22)] [ main:1 ] - [ INFO ]  开始加载jdbc.properties文件内容.......
2020-05-25 20:50:52 [com.ye.util.PropertiesUtil {Num}] [com.ye.util.PropertiesUtil.loadProps(PropertiesUtil.java:48)] [ main:2 ] - [ INFO ]  加载properties文件内容完成...........
2020-05-25 20:50:52 [com.ye.util.PropertiesUtil {Num}] [com.ye.util.PropertiesUtil.loadProps(PropertiesUtil.java:49)] [ main:3 ] - [ INFO ]  properties文件内容：{password=123456, url=jdbc:mysql://localhost:3306/ktv?serverTimezone=UTC&characterEncoding=utf-8, userName=root, driver=com.mysql.cj.jdbc.Driver}
2020-05-25 20:50:52 [com.ye.mysql.ConnMysql {Num}] [com.ye.mysql.ConnMysql.getConnection(ConnMysql.java:25)] [ main:180 ] - [ INFO ]  MySQL 连接成功
2020-05-25 20:50:52 [com.ye.mysql.ExeSql {Num}] [com.ye.mysql.ExeSql.queryObject(ExeSql.java:40)] [ main:189 ] - [ INFO ]  com.mysql.cj.jdbc.ClientPreparedStatement: select * from user_t where user_name = 'adin' and password = '123456'
2020-05-25 20:51:00 [com.ye.mysql.ConnMysql {Num}] [com.ye.mysql.ConnMysql.getConnection(ConnMysql.java:25)] [ main:8350 ] - [ INFO ]  MySQL 连接成功
2020-05-25 20:51:00 [com.ye.mysql.ExeSql {Num}] [com.ye.mysql.ExeSql.queryObject(ExeSql.java:40)] [ main:8350 ] - [ INFO ]  com.mysql.cj.jdbc.ClientPreparedStatement: select * from user_t where user_name = 'admin' and password = '123456'
2020-05-25 20:51:22 [com.ye.mysql.ConnMysql {Num}] [com.ye.mysql.ConnMysql.getConnection(ConnMysql.java:25)] [ main:29695 ] - [ INFO ]  MySQL 连接成功
2020-05-25 20:51:22 [com.ye.mysql.ExeSql {Num}] [com.ye.mysql.ExeSql.queryObject(ExeSql.java:40)] [ main:29695 ] - [ INFO ]  com.mysql.cj.jdbc.ClientPreparedStatement: select * from user_t where user_name = 'sister' and password = '123'
2020-05-25 20:51:26 [com.ye.mysql.ConnMysql {Num}] [com.ye.mysql.ConnMysql.getConnection(ConnMysql.java:25)] [ main:34366 ] - [ INFO ]  MySQL 连接成功
2020-05-25 20:51:26 [com.ye.mysql.ExeSql {Num}] [com.ye.mysql.ExeSql.queryObject(ExeSql.java:40)] [ main:34366 ] - [ INFO ]  com.mysql.cj.jdbc.ClientPreparedStatement: select * from user_t where user_name = 'sister' and password = '12'
